#
# There is insufficient memory for the Java Runtime Environment to continue.
# Native memory allocation (malloc) failed to allocate 1248976 bytes for Chunk::new
# Possible reasons:
#   The system is out of physical RAM or swap space
#   The process is running with CompressedOops enabled, and the Java Heap may be blocking the growth of the native heap
# Possible solutions:
#   Reduce memory load on the system
#   Increase physical memory or swap space
#   Check if swap backing store is full
#   Decrease Java heap size (-Xmx/-Xms)
#   Decrease number of Java threads
#   Decrease Java thread stack sizes (-Xss)
#   Set larger code cache with -XX:ReservedCodeCacheSize=
#   JVM is running with Unscaled Compressed Oops mode in which the Java heap is
#     placed in the first 4GB address space. The Java Heap base address is the
#     maximum limit for the native heap growth. Please use -XX:HeapBaseMinAddress
#     to set the Java Heap base and to place the Java Heap above 4GB virtual address.
# This output file may be truncated or incomplete.
#
#  Out of Memory Error (./src/hotspot/share/memory/arena.cpp:197), pid=1464, tid=13344
#
# JRE version: OpenJDK Runtime Environment (11.0.11+9) (build 11.0.11+9-b60-7590822)
# Java VM: OpenJDK 64-Bit Server VM (11.0.11+9-b60-7590822, mixed mode, tiered, compressed oops, g1 gc, windows-amd64)
# No core dump will be written. Minidumps are not enabled by default on client versions of Windows
#

---------------  S U M M A R Y ------------

Command Line: org.jetbrains.kotlin.cli.jvm.K2JVMCompiler @C:\Users\User\AndroidStudioProjects\MyApplication2\app\build\20220510_10332394255018542141.compiler.options

Host: AMD Ryzen 3 3200U with Radeon Vega Mobile Gfx  , 4 cores, 3G,  Windows 10 , 64 bit Build 19041 (10.0.19041.1645)
Time: Tue May 10 03:25:36 2022 Central Asia Standard Time elapsed time: 3.771352 seconds (0d 0h 0m 3s)

---------------  T H R E A D  ---------------

Current thread (0x00000235a3e72000):  JavaThread "C2 CompilerThread0" daemon [_thread_in_native, id=13344, stack(0x000000522ac00000,0x000000522ad00000)]


Current CompileTask:
C2:   3771 2344   !   4       java.net.URL::<init> (543 bytes)

Stack: [0x000000522ac00000,0x000000522ad00000]
Native frames: (J=compiled Java code, j=interpreted, Vv=VM code, C=native code)
V  [jvm.dll+0x5f214a]
V  [jvm.dll+0x726fb5]
V  [jvm.dll+0x7285cd]
V  [jvm.dll+0x728c83]
V  [jvm.dll+0x243278]
V  [jvm.dll+0xbc53c]
V  [jvm.dll+0xbca3c]
V  [jvm.dll+0x353e7d]
V  [jvm.dll+0x321893]
V  [jvm.dll+0x320d8a]
V  [jvm.dll+0x1fc1e2]
V  [jvm.dll+0x1fb3d4]
V  [jvm.dll+0x183d6c]
V  [jvm.dll+0x209a57]
V  [jvm.dll+0x2082a1]
V  [jvm.dll+0x6ef58f]
V  [jvm.dll+0x6e80b5]
V  [jvm.dll+0x5f1036]
C  [ucrtbase.dll+0x21bb2]
C  [KERNEL32.DLL+0x17034]
C  [ntdll.dll+0x52651]


---------------  P R O C E S S  ---------------

Threads class SMR info:
_java_thread_list=0x00000235a40bf5c0, length=10, elements={
0x000002358beeb000, 0x00000235a3e00000, 0x00000235a3e02000, 0x00000235a3e65000,
0x00000235a3e66000, 0x00000235a3e67800, 0x00000235a3e72000, 0x00000235a3e75800,
0x00000235a3e77000, 0x00000235a40e0000
}

Java Threads: ( => current thread )
  0x000002358beeb000 JavaThread "main" [_thread_in_native, id=10496, stack(0x000000522a000000,0x000000522a100000)]
  0x00000235a3e00000 JavaThread "Reference Handler" daemon [_thread_blocked, id=16344, stack(0x000000522a700000,0x000000522a800000)]
  0x00000235a3e02000 JavaThread "Finalizer" daemon [_thread_blocked, id=14968, stack(0x000000522a800000,0x000000522a900000)]
  0x00000235a3e65000 JavaThread "Signal Dispatcher" daemon [_thread_blocked, id=13524, stack(0x000000522a900000,0x000000522aa00000)]
  0x00000235a3e66000 JavaThread "Attach Listener" daemon [_thread_blocked, id=12800, stack(0x000000522aa00000,0x000000522ab00000)]
  0x00000235a3e67800 JavaThread "Service Thread" daemon [_thread_blocked, id=10060, stack(0x000000522ab00000,0x000000522ac00000)]
=>0x00000235a3e72000 JavaThread "C2 CompilerThread0" daemon [_thread_in_native, id=13344, stack(0x000000522ac00000,0x000000522ad00000)]
  0x00000235a3e75800 JavaThread "C1 CompilerThread0" daemon [_thread_blocked, id=7680, stack(0x000000522ad00000,0x000000522ae00000)]
  0x00000235a3e77000 JavaThread "Sweeper thread" daemon [_thread_blocked, id=4468, stack(0x000000522ae00000,0x000000522af00000)]
  0x00000235a40e0000 JavaThread "Common-Cleaner" daemon [_thread_blocked, id=2572, stack(0x000000522b000000,0x000000522b100000)]

Other Threads:
  0x00000235a3dda800 VMThread "VM Thread" [stack: 0x000000522a600000,0x000000522a700000] [id=4716]
  0x00000235a40d7800 WatcherThread [stack: 0x000000522af00000,0x000000522b000000] [id=12388]
  0x000002358bf03800 GCTaskThread "GC Thread#0" [stack: 0x000000522a100000,0x000000522a200000] [id=14260]
  0x00000235a4471800 GCTaskThread "GC Thread#1" [stack: 0x000000522b100000,0x000000522b200000] [id=14636]
  0x000002358bf1c000 ConcurrentGCThread "G1 Main Marker" [stack: 0x000000522a200000,0x000000522a300000] [id=14948]
  0x000002358bf1d800 ConcurrentGCThread "G1 Conc#0" [stack: 0x000000522a300000,0x000000522a400000] [id=6312]
  0x000002358bf64000 ConcurrentGCThread "G1 Refine#0" [stack: 0x000000522a400000,0x000000522a500000] [id=13840]
  0x000002358bf65000 ConcurrentGCThread "G1 Young RemSet Sampling" [stack: 0x000000522a500000,0x000000522a600000] [id=14716]

Threads with active compile tasks:
C2 CompilerThread0   3799 2344   !   4       java.net.URL::<init> (543 bytes)

VM state:not at safepoint (normal execution)

VM Mutex/Monitor currently owned by a thread: None

Heap address: 0x00000000c9e00000, size: 866 MB, Compressed Oops mode: 32-bit
Narrow klass base: 0x0000000000000000, Narrow klass shift: 3
Compressed class space size: 1073741824 Address: 0x0000000100000000

Heap:
 garbage-first heap   total 69632K, used 28650K [0x00000000c9e00000, 0x0000000100000000)
  region size 1024K, 14 young (14336K), 3 survivors (3072K)
 Metaspace       used 33886K, capacity 34351K, committed 34608K, reserved 1079296K
  class space    used 4267K, capacity 4426K, committed 4480K, reserved 1048576K
Heap Regions: E=young(eden), S=young(survivor), O=old, HS=humongous(starts), HC=humongous(continues), CS=collection set, F=free, A=archive, TAMS=top-at-mark-start (previous, next)
|   0|0x00000000c9e00000, 0x00000000c9f00000, 0x00000000c9f00000|100%|HS|  |TAMS 0x00000000c9f00000, 0x00000000c9e00000| Complete 
|   1|0x00000000c9f00000, 0x00000000ca000000, 0x00000000ca000000|100%|HC|  |TAMS 0x00000000ca000000, 0x00000000c9f00000| Complete 
|   2|0x00000000ca000000, 0x00000000ca100000, 0x00000000ca100000|100%|HC|  |TAMS 0x00000000ca100000, 0x00000000ca000000| Complete 
|   3|0x00000000ca100000, 0x00000000ca200000, 0x00000000ca200000|100%| O|  |TAMS 0x00000000ca200000, 0x00000000ca100000| Untracked 
|   4|0x00000000ca200000, 0x00000000ca300000, 0x00000000ca300000|100%| O|  |TAMS 0x00000000ca300000, 0x00000000ca200000| Untracked 
|   5|0x00000000ca300000, 0x00000000ca400000, 0x00000000ca400000|100%| O|  |TAMS 0x00000000ca400000, 0x00000000ca300000| Untracked 
|   6|0x00000000ca400000, 0x00000000ca500000, 0x00000000ca500000|100%| O|  |TAMS 0x00000000ca500000, 0x00000000ca400000| Untracked 
|   7|0x00000000ca500000, 0x00000000ca600000, 0x00000000ca600000|100%| O|  |TAMS 0x00000000ca600000, 0x00000000ca500000| Untracked 
|   8|0x00000000ca600000, 0x00000000ca700000, 0x00000000ca700000|100%| O|  |TAMS 0x00000000ca62e200, 0x00000000ca600000| Untracked 
|   9|0x00000000ca700000, 0x00000000ca800000, 0x00000000ca800000|100%|HS|  |TAMS 0x00000000ca700000, 0x00000000ca700000| Complete 
|  10|0x00000000ca800000, 0x00000000ca900000, 0x00000000ca900000|100%|HC|  |TAMS 0x00000000ca800000, 0x00000000ca800000| Complete 
|  11|0x00000000ca900000, 0x00000000caa00000, 0x00000000caa00000|100%|HC|  |TAMS 0x00000000ca900000, 0x00000000ca900000| Complete 
|  12|0x00000000caa00000, 0x00000000cab00000, 0x00000000cab00000|100%|HS|  |TAMS 0x00000000caa00000, 0x00000000caa00000| Complete 
|  13|0x00000000cab00000, 0x00000000cac00000, 0x00000000cac00000|100%|HC|  |TAMS 0x00000000cab00000, 0x00000000cab00000| Complete 
|  14|0x00000000cac00000, 0x00000000cad00000, 0x00000000cad00000|100%| O|  |TAMS 0x00000000cac00000, 0x00000000cac00000| Untracked 
|  15|0x00000000cad00000, 0x00000000cadfa800, 0x00000000cae00000| 97%| O|  |TAMS 0x00000000cad00000, 0x00000000cad00000| Untracked 
|  16|0x00000000cae00000, 0x00000000cae00000, 0x00000000caf00000|  0%| F|  |TAMS 0x00000000cae00000, 0x00000000cae00000| Untracked 
|  17|0x00000000caf00000, 0x00000000caf00000, 0x00000000cb000000|  0%| F|  |TAMS 0x00000000caf00000, 0x00000000caf00000| Untracked 
|  18|0x00000000cb000000, 0x00000000cb000000, 0x00000000cb100000|  0%| F|  |TAMS 0x00000000cb000000, 0x00000000cb000000| Untracked 
|  19|0x00000000cb100000, 0x00000000cb100000, 0x00000000cb200000|  0%| F|  |TAMS 0x00000000cb100000, 0x00000000cb100000| Untracked 
|  20|0x00000000cb200000, 0x00000000cb200000, 0x00000000cb300000|  0%| F|  |TAMS 0x00000000cb200000, 0x00000000cb200000| Untracked 
|  21|0x00000000cb300000, 0x00000000cb300000, 0x00000000cb400000|  0%| F|  |TAMS 0x00000000cb300000, 0x00000000cb300000| Untracked 
|  22|0x00000000cb400000, 0x00000000cb400000, 0x00000000cb500000|  0%| F|  |TAMS 0x00000000cb400000, 0x00000000cb400000| Untracked 
|  23|0x00000000cb500000, 0x00000000cb500000, 0x00000000cb600000|  0%| F|  |TAMS 0x00000000cb500000, 0x00000000cb500000| Untracked 
|  24|0x00000000cb600000, 0x00000000cb600000, 0x00000000cb700000|  0%| F|  |TAMS 0x00000000cb600000, 0x00000000cb600000| Untracked 
|  25|0x00000000cb700000, 0x00000000cb700000, 0x00000000cb800000|  0%| F|  |TAMS 0x00000000cb700000, 0x00000000cb700000| Untracked 
|  26|0x00000000cb800000, 0x00000000cb800000, 0x00000000cb900000|  0%| F|  |TAMS 0x00000000cb800000, 0x00000000cb800000| Untracked 
|  27|0x00000000cb900000, 0x00000000cb900000, 0x00000000cba00000|  0%| F|  |TAMS 0x00000000cb900000, 0x00000000cb900000| Untracked 
|  28|0x00000000cba00000, 0x00000000cba00000, 0x00000000cbb00000|  0%| F|  |TAMS 0x00000000cba00000, 0x00000000cba00000| Untracked 
|  29|0x00000000cbb00000, 0x00000000cbc00000, 0x00000000cbc00000|100%| S|CS|TAMS 0x00000000cbb00000, 0x00000000cbb00000| Complete 
|  30|0x00000000cbc00000, 0x00000000cbd00000, 0x00000000cbd00000|100%| S|CS|TAMS 0x00000000cbc00000, 0x00000000cbc00000| Complete 
|  31|0x00000000cbd00000, 0x00000000cbd00000, 0x00000000cbe00000|  0%| F|  |TAMS 0x00000000cbd00000, 0x00000000cbd00000| Untracked 
|  32|0x00000000cbe00000, 0x00000000cbe00000, 0x00000000cbf00000|  0%| F|  |TAMS 0x00000000cbe00000, 0x00000000cbe00000| Untracked 
|  33|0x00000000cbf00000, 0x00000000cbf00000, 0x00000000cc000000|  0%| F|  |TAMS 0x00000000cbf00000, 0x00000000cbf00000| Untracked 
|  34|0x00000000cc000000, 0x00000000cc100000, 0x00000000cc100000|100%| S|CS|TAMS 0x00000000cc000000, 0x00000000cc000000| Complete 
|  35|0x00000000cc100000, 0x00000000cc100000, 0x00000000cc200000|  0%| F|  |TAMS 0x00000000cc100000, 0x00000000cc100000| Untracked 
|  36|0x00000000cc200000, 0x00000000cc200000, 0x00000000cc300000|  0%| F|  |TAMS 0x00000000cc200000, 0x00000000cc200000| Untracked 
|  37|0x00000000cc300000, 0x00000000cc300000, 0x00000000cc400000|  0%| F|  |TAMS 0x00000000cc300000, 0x00000000cc300000| Untracked 
|  38|0x00000000cc400000, 0x00000000cc400000, 0x00000000cc500000|  0%| F|  |TAMS 0x00000000cc400000, 0x00000000cc400000| Untracked 
|  39|0x00000000cc500000, 0x00000000cc500000, 0x00000000cc600000|  0%| F|  |TAMS 0x00000000cc500000, 0x00000000cc500000| Untracked 
|  40|0x00000000cc600000, 0x00000000cc600000, 0x00000000cc700000|  0%| F|  |TAMS 0x00000000cc600000, 0x00000000cc600000| Untracked 
|  41|0x00000000cc700000, 0x00000000cc700000, 0x00000000cc800000|  0%| F|  |TAMS 0x00000000cc700000, 0x00000000cc700000| Untracked 
|  42|0x00000000cc800000, 0x00000000cc800000, 0x00000000cc900000|  0%| F|  |TAMS 0x00000000cc800000, 0x00000000cc800000| Untracked 
|  43|0x00000000cc900000, 0x00000000cc900000, 0x00000000cca00000|  0%| F|  |TAMS 0x00000000cc900000, 0x00000000cc900000| Untracked 
|  44|0x00000000cca00000, 0x00000000cca00000, 0x00000000ccb00000|  0%| F|  |TAMS 0x00000000cca00000, 0x00000000cca00000| Untracked 
|  45|0x00000000ccb00000, 0x00000000ccb00000, 0x00000000ccc00000|  0%| F|  |TAMS 0x00000000ccb00000, 0x00000000ccb00000| Untracked 
|  46|0x00000000ccc00000, 0x00000000ccc00000, 0x00000000ccd00000|  0%| F|  |TAMS 0x00000000ccc00000, 0x00000000ccc00000| Untracked 
|  47|0x00000000ccd00000, 0x00000000ccd00000, 0x00000000cce00000|  0%| F|  |TAMS 0x00000000ccd00000, 0x00000000ccd00000| Untracked 
|  48|0x00000000cce00000, 0x00000000cce00000, 0x00000000ccf00000|  0%| F|  |TAMS 0x00000000cce00000, 0x00000000cce00000| Untracked 
|  49|0x00000000ccf00000, 0x00000000ccf00000, 0x00000000cd000000|  0%| F|  |TAMS 0x00000000ccf00000, 0x00000000ccf00000| Untracked 
|  50|0x00000000cd000000, 0x00000000cd000000, 0x00000000cd100000|  0%| F|  |TAMS 0x00000000cd000000, 0x00000000cd000000| Untracked 
|  51|0x00000000cd100000, 0x00000000cd100000, 0x00000000cd200000|  0%| F|  |TAMS 0x00000000cd100000, 0x00000000cd100000| Untracked 
|  52|0x00000000cd200000, 0x00000000cd200000, 0x00000000cd300000|  0%| F|  |TAMS 0x00000000cd200000, 0x00000000cd200000| Untracked 
|  53|0x00000000cd300000, 0x00000000cd300000, 0x00000000cd400000|  0%| F|  |TAMS 0x00000000cd300000, 0x00000000cd300000| Untracked 
|  54|0x00000000cd400000, 0x00000000cd400000, 0x00000000cd500000|  0%| F|  |TAMS 0x00000000cd400000, 0x00000000cd400000| Untracked 
|  55|0x00000000cd500000, 0x00000000cd500000, 0x00000000cd600000|  0%| F|  |TAMS 0x00000000cd500000, 0x00000000cd500000| Untracked 
|  56|0x00000000cd600000, 0x00000000cd600000, 0x00000000cd700000|  0%| F|  |TAMS 0x00000000cd600000, 0x00000000cd600000| Untracked 
|  57|0x00000000cd700000, 0x00000000cd7f5f10, 0x00000000cd800000| 96%| E|  |TAMS 0x00000000cd700000, 0x00000000cd700000| Complete 
|  58|0x00000000cd800000, 0x00000000cd900000, 0x00000000cd900000|100%| E|CS|TAMS 0x00000000cd800000, 0x00000000cd800000| Complete 
|  59|0x00000000cd900000, 0x00000000cda00000, 0x00000000cda00000|100%| E|  |TAMS 0x00000000cd900000, 0x00000000cd900000| Complete 
|  60|0x00000000cda00000, 0x00000000cdb00000, 0x00000000cdb00000|100%| E|CS|TAMS 0x00000000cda00000, 0x00000000cda00000| Complete 
|  61|0x00000000cdb00000, 0x00000000cdc00000, 0x00000000cdc00000|100%| E|CS|TAMS 0x00000000cdb00000, 0x00000000cdb00000| Complete 
|  62|0x00000000cdc00000, 0x00000000cdd00000, 0x00000000cdd00000|100%| E|CS|TAMS 0x00000000cdc00000, 0x00000000cdc00000| Complete 
|  63|0x00000000cdd00000, 0x00000000cde00000, 0x00000000cde00000|100%| E|CS|TAMS 0x00000000cdd00000, 0x00000000cdd00000| Complete 
|  64|0x00000000cde00000, 0x00000000cdf00000, 0x00000000cdf00000|100%| E|CS|TAMS 0x00000000cde00000, 0x00000000cde00000| Complete 
|  65|0x00000000cdf00000, 0x00000000ce000000, 0x00000000ce000000|100%| E|CS|TAMS 0x00000000cdf00000, 0x00000000cdf00000| Complete 
|  66|0x00000000ce000000, 0x00000000ce100000, 0x00000000ce100000|100%| E|CS|TAMS 0x00000000ce000000, 0x00000000ce000000| Complete 
|  67|0x00000000ce100000, 0x00000000ce200000, 0x00000000ce200000|100%| E|CS|TAMS 0x00000000ce100000, 0x00000000ce100000| Complete 

Card table byte_map: [0x000002359f1d0000,0x000002359f390000] _byte_map_base: 0x000002359eb81000

Marking Bits (Prev, Next): (CMBitMap*) 0x000002358bf17b30, (CMBitMap*) 0x000002358bf17af8
 Prev Bits: [0x00000235a02e0000, 0x00000235a1068000)
 Next Bits: [0x000002359f550000, 0x00000235a02d8000)

Polling page: 0x000002358a5a0000

Metaspace:

Usage:
  Non-class:     29.22 MB capacity,    28.95 MB (>99%) used,   232.88 KB ( <1%) free+waste,    51.75 KB ( <1%) overhead. 
      Class:      4.32 MB capacity,     4.17 MB ( 96%) used,   132.35 KB (  3%) free+waste,    25.00 KB ( <1%) overhead. 
       Both:     33.55 MB capacity,    33.11 MB ( 99%) used,   365.23 KB (  1%) free+waste,    76.75 KB ( <1%) overhead. 

Virtual space:
  Non-class space:       30.00 MB reserved,      29.42 MB ( 98%) committed 
      Class space:        1.00 GB reserved,       4.38 MB ( <1%) committed 
             Both:        1.03 GB reserved,      33.80 MB (  3%) committed 

Chunk freelists:
   Non-Class:  11.00 KB
       Class:  22.00 KB
        Both:  33.00 KB

MaxMetaspaceSize: 17179869184.00 GB
CompressedClassSpaceSize: 1.00 GB

CodeHeap 'non-profiled nmethods': size=120064Kb used=877Kb max_used=877Kb free=119186Kb
 bounds [0x00000235974b0000, 0x0000023597720000, 0x000002359e9f0000]
CodeHeap 'profiled nmethods': size=120000Kb used=4208Kb max_used=4208Kb free=115792Kb
 bounds [0x000002358ff80000, 0x00000235903a0000, 0x00000235974b0000]
CodeHeap 'non-nmethods': size=5696Kb used=1179Kb max_used=1226Kb free=4516Kb
 bounds [0x000002358f9f0000, 0x000002358fc60000, 0x000002358ff80000]
 total_blobs=2879 nmethods=2354 adapters=436
 compilation: enabled
              stopped_count=0, restarted_count=0
 full_count=0

Compilation events (20 events):
Event: 3.632 Thread 0x00000235a3e75800 nmethod 2343 0x000002359758b210 code [0x000002359758b3c0, 0x000002359758b478]
Event: 3.648 Thread 0x00000235a3e72000 2344   !   4       java.net.URL::<init> (543 bytes)
Event: 3.651 Thread 0x00000235a3e75800 2345   !   3       org.jetbrains.kotlin.com.intellij.psi.tree.IElementType::<init> (295 bytes)
Event: 3.654 Thread 0x00000235a3e75800 nmethod 2345 0x0000023590393810 code [0x0000023590393de0, 0x0000023590396c18]
Event: 3.658 Thread 0x00000235a3e75800 2346       3       org.jetbrains.kotlin.com.intellij.psi.tree.IElementType::<init> (29 bytes)
Event: 3.658 Thread 0x00000235a3e75800 nmethod 2346 0x0000023590398190 code [0x0000023590398380, 0x00000235903986a8]
Event: 3.720 Thread 0x00000235a3e75800 2347       3       java.lang.invoke.LambdaForm::editor (5 bytes)
Event: 3.721 Thread 0x00000235a3e75800 nmethod 2347 0x0000023590398790 code [0x0000023590398960, 0x0000023590398c88]
Event: 3.721 Thread 0x00000235a3e75800 2348       3       java.lang.invoke.LambdaFormEditor::lambdaFormEditor (12 bytes)
Event: 3.721 Thread 0x00000235a3e75800 nmethod 2348 0x0000023590398e10 code [0x0000023590398fe0, 0x0000023590399288]
Event: 3.752 Thread 0x00000235a3e75800 2350       3       kotlin.reflect.jvm.internal.pcollections.IntTree::<init> (44 bytes)
Event: 3.752 Thread 0x00000235a3e75800 nmethod 2350 0x0000023590399410 code [0x00000235903995e0, 0x0000023590399878]
Event: 3.754 Thread 0x00000235a3e75800 2351       3       java.util.HashMap::<init> (8 bytes)
Event: 3.755 Thread 0x00000235a3e75800 nmethod 2351 0x0000023590399990 code [0x0000023590399b60, 0x0000023590399c88]
Event: 3.766 Thread 0x00000235a3e75800 2352       3       kotlin.jvm.internal.PropertyReference::<init> (23 bytes)
Event: 3.766 Thread 0x00000235a3e75800 nmethod 2352 0x0000023590399d10 code [0x0000023590399ee0, 0x000002359039a278]
Event: 3.766 Thread 0x00000235a3e75800 2353       3       kotlin.reflect.jvm.internal.ReflectionFactoryImpl::getOwner (23 bytes)
Event: 3.766 Thread 0x00000235a3e75800 nmethod 2353 0x000002359039a390 code [0x000002359039a560, 0x000002359039a9c8]
Event: 3.766 Thread 0x00000235a3e75800 2355       3       kotlin.reflect.jvm.internal.KMutableProperty1Impl$_setter$1::<init> (11 bytes)
Event: 3.766 Thread 0x00000235a3e75800 nmethod 2355 0x000002359039ab10 code [0x000002359039acc0, 0x000002359039aed8]

GC Heap History (10 events):
Event: 0.643 GC heap before
{Heap before GC invocations=0 (full 0):
 garbage-first heap   total 57344K, used 17408K [0x00000000c9e00000, 0x0000000100000000)
  region size 1024K, 14 young (14336K), 0 survivors (0K)
 Metaspace       used 9806K, capacity 9874K, committed 10112K, reserved 1058816K
  class space    used 839K, capacity 885K, committed 896K, reserved 1048576K
}
Event: 0.647 GC heap after
{Heap after GC invocations=1 (full 0):
 garbage-first heap   total 57344K, used 5279K [0x00000000c9e00000, 0x0000000100000000)
  region size 1024K, 2 young (2048K), 2 survivors (2048K)
 Metaspace       used 9806K, capacity 9874K, committed 10112K, reserved 1058816K
  class space    used 839K, capacity 885K, committed 896K, reserved 1048576K
}
Event: 1.411 GC heap before
{Heap before GC invocations=1 (full 0):
 garbage-first heap   total 57344K, used 37023K [0x00000000c9e00000, 0x0000000100000000)
  region size 1024K, 33 young (33792K), 2 survivors (2048K)
 Metaspace       used 16993K, capacity 17155K, committed 17408K, reserved 1064960K
  class space    used 1683K, capacity 1765K, committed 1792K, reserved 1048576K
}
Event: 1.423 GC heap after
{Heap after GC invocations=2 (full 0):
 garbage-first heap   total 57344K, used 8444K [0x00000000c9e00000, 0x0000000100000000)
  region size 1024K, 5 young (5120K), 5 survivors (5120K)
 Metaspace       used 16993K, capacity 17155K, committed 17408K, reserved 1064960K
  class space    used 1683K, capacity 1765K, committed 1792K, reserved 1048576K
}
Event: 1.924 GC heap before
{Heap before GC invocations=2 (full 0):
 garbage-first heap   total 57344K, used 21756K [0x00000000c9e00000, 0x0000000100000000)
  region size 1024K, 19 young (19456K), 5 survivors (5120K)
 Metaspace       used 20917K, capacity 21178K, committed 21296K, reserved 1069056K
  class space    used 2268K, capacity 2379K, committed 2432K, reserved 1048576K
}
Event: 1.938 GC heap after
{Heap after GC invocations=3 (full 0):
 garbage-first heap   total 57344K, used 9400K [0x00000000c9e00000, 0x0000000100000000)
  region size 1024K, 1 young (1024K), 1 survivors (1024K)
 Metaspace       used 20917K, capacity 21178K, committed 21296K, reserved 1069056K
  class space    used 2268K, capacity 2379K, committed 2432K, reserved 1048576K
}
Event: 2.623 GC heap before
{Heap before GC invocations=4 (full 0):
 garbage-first heap   total 57344K, used 33976K [0x00000000c9e00000, 0x0000000100000000)
  region size 1024K, 22 young (22528K), 1 survivors (1024K)
 Metaspace       used 27287K, capacity 27753K, committed 27952K, reserved 1075200K
  class space    used 2980K, capacity 3157K, committed 3200K, reserved 1048576K
}
Event: 2.630 GC heap after
{Heap after GC invocations=5 (full 0):
 garbage-first heap   total 57344K, used 14069K [0x00000000c9e00000, 0x0000000100000000)
  region size 1024K, 3 young (3072K), 3 survivors (3072K)
 Metaspace       used 27287K, capacity 27753K, committed 27952K, reserved 1075200K
  class space    used 2980K, capacity 3157K, committed 3200K, reserved 1048576K
}
Event: 3.523 GC heap before
{Heap before GC invocations=5 (full 0):
 garbage-first heap   total 57344K, used 37621K [0x00000000c9e00000, 0x0000000100000000)
  region size 1024K, 24 young (24576K), 3 survivors (3072K)
 Metaspace       used 31634K, capacity 32101K, committed 32432K, reserved 1077248K
  class space    used 3796K, capacity 3976K, committed 4096K, reserved 1048576K
}
Event: 3.537 GC heap after
{Heap after GC invocations=6 (full 0):
 garbage-first heap   total 69632K, used 19434K [0x00000000c9e00000, 0x0000000100000000)
  region size 1024K, 3 young (3072K), 3 survivors (3072K)
 Metaspace       used 31634K, capacity 32101K, committed 32432K, reserved 1077248K
  class space    used 3796K, capacity 3976K, committed 4096K, reserved 1048576K
}

Deoptimization events (20 events):
Event: 3.160 Thread 0x000002358beeb000 DEOPT PACKING pc=0x00000235974ca064 sp=0x000000522a0fe0d0
Event: 3.160 Thread 0x000002358beeb000 DEOPT UNPACKING pc=0x000002358fa1662f sp=0x000000522a0fe070 mode 2
Event: 3.184 Thread 0x000002358beeb000 Uncommon trap: trap_request=0xffffffde fr.pc=0x000002359755ff04 relative=0x0000000000000064
Event: 3.184 Thread 0x000002358beeb000 Uncommon trap: reason=class_check action=maybe_recompile pc=0x000002359755ff04 method=java.util.LinkedHashMap.afterNodeInsertion(Z)V @ 15 c2
Event: 3.184 Thread 0x000002358beeb000 DEOPT PACKING pc=0x000002359755ff04 sp=0x000000522a0fde30
Event: 3.184 Thread 0x000002358beeb000 DEOPT UNPACKING pc=0x000002358fa1662f sp=0x000000522a0fdda8 mode 2
Event: 3.184 Thread 0x000002358beeb000 Uncommon trap: trap_request=0xffffffde fr.pc=0x000002359755ff04 relative=0x0000000000000064
Event: 3.184 Thread 0x000002358beeb000 Uncommon trap: reason=class_check action=maybe_recompile pc=0x000002359755ff04 method=java.util.LinkedHashMap.afterNodeInsertion(Z)V @ 15 c2
Event: 3.184 Thread 0x000002358beeb000 DEOPT PACKING pc=0x000002359755ff04 sp=0x000000522a0fde30
Event: 3.184 Thread 0x000002358beeb000 DEOPT UNPACKING pc=0x000002358fa1662f sp=0x000000522a0fdda8 mode 2
Event: 3.265 Thread 0x000002358beeb000 DEOPT PACKING pc=0x00000235902648e8 sp=0x000000522a0fdf80
Event: 3.265 Thread 0x000002358beeb000 DEOPT UNPACKING pc=0x000002358fa16dde sp=0x000000522a0fd488 mode 0
Event: 3.269 Thread 0x000002358beeb000 Uncommon trap: trap_request=0xffffff4d fr.pc=0x00000235975725b8 relative=0x00000000000004b8
Event: 3.269 Thread 0x000002358beeb000 Uncommon trap: reason=unstable_if action=reinterpret pc=0x00000235975725b8 method=org.jetbrains.kotlin.com.intellij.openapi.vfs.impl.ZipEntryMap.isTheOne(Lorg/jetbrains/kotlin/com/intellij/openapi/vfs/impl/ArchiveHandler$EntryInfo;Ljava/lang/CharSequence;
Event: 3.269 Thread 0x000002358beeb000 DEOPT PACKING pc=0x00000235975725b8 sp=0x000000522a0fe0f0
Event: 3.269 Thread 0x000002358beeb000 DEOPT UNPACKING pc=0x000002358fa1662f sp=0x000000522a0fe0a0 mode 2
Event: 3.482 Thread 0x000002358beeb000 Uncommon trap: trap_request=0xffffffcc fr.pc=0x00000235975814f4 relative=0x0000000000000334
Event: 3.482 Thread 0x000002358beeb000 Uncommon trap: reason=intrinsic_or_type_checked_inlining action=make_not_entrant pc=0x00000235975814f4 method=java.util.Arrays.copyOf([Ljava/lang/Object;ILjava/lang/Class;)[Ljava/lang/Object; @ 35 c2
Event: 3.482 Thread 0x000002358beeb000 DEOPT PACKING pc=0x00000235975814f4 sp=0x000000522a0fe450
Event: 3.482 Thread 0x000002358beeb000 DEOPT UNPACKING pc=0x000002358fa1662f sp=0x000000522a0fe3e0 mode 2

Classes redefined (0 events):
No events

Internal exceptions (20 events):
Event: 1.988 Thread 0x000002358beeb000 Exception <a 'java/lang/NoSuchMethodError'{0x00000000cd4e0230}: 'long java.lang.invoke.DirectMethodHandle$Holder.invokeStatic(java.lang.Object)'> (0x00000000cd4e0230) thrown at [./src/hotspot/share/interpreter/linkResolver.cpp, line 773]
Event: 1.988 Thread 0x000002358beeb000 Exception <a 'java/lang/NoSuchMethodError'{0x00000000cd4e3088}: 'long java.lang.invoke.DirectMethodHandle$Holder.invokeStaticInit(java.lang.Object)'> (0x00000000cd4e3088) thrown at [./src/hotspot/share/interpreter/linkResolver.cpp, line 773]
Event: 2.066 Thread 0x000002358beeb000 Exception <a 'java/lang/NoSuchMethodError'{0x00000000cd090518}: 'int java.lang.invoke.DirectMethodHandle$Holder.invokeStaticInit(java.lang.Object, java.lang.Object, java.lang.Object)'> (0x00000000cd090518) thrown at [./src/hotspot/share/interpreter/linkResolver.cpp, line 773]
Event: 2.071 Thread 0x000002358beeb000 Exception <a 'java/lang/NoSuchMethodError'{0x00000000cd0bb148}: 'int java.lang.invoke.DirectMethodHandle$Holder.invokeStaticInit(java.lang.Object, java.lang.Object)'> (0x00000000cd0bb148) thrown at [./src/hotspot/share/interpreter/linkResolver.cpp, line 773]
Event: 2.139 Thread 0x000002358beeb000 Exception <a 'java/lang/NoSuchMethodError'{0x00000000ccecc128}: 'void java.lang.invoke.DirectMethodHandle$Holder.invokeSpecial(java.lang.Object, java.lang.Object)'> (0x00000000ccecc128) thrown at [./src/hotspot/share/interpreter/linkResolver.cpp, line 773]
Event: 2.408 Thread 0x000002358beeb000 Exception <a 'java/lang/NoSuchMethodError'{0x00000000cc5f38a0}: 'java.lang.Object java.lang.invoke.DirectMethodHandle$Holder.invokeStatic(java.lang.Object, java.lang.Object, java.lang.Object, java.lang.Object, java.lang.Object, java.lang.Object, java.lang.Object, java.lang.Object, java.lang.Object, java.lang.Object, java.lang.Object, java.lang.Object, java.lang.Object, java.lang.Object, java.lang.Object)'> (0x00000000cc5f38a0) thrown at [./src/hotspot/share/interpreter/linkResolver.cpp, line 773]
Event: 2.410 Thread 0x000002358beeb000 Exception <a 'java/lang/NoSuchMethodError'{0x00000000cc401dc8}: 'java.lang.Object java.lang.invoke.DirectMethodHandle$Holder.invokeStatic(java.lang.Object, java.lang.Object, java.lang.Object, java.lang.Object, java.lang.Object, java.lang.Object, java.lang.Object, java.lang.Object, java.lang.Object, java.lang.Object, java.lang.Object, java.lang.Object, java.lang.Object, java.lang.Object, java.lang.Object, java.lang.Object)'> (0x00000000cc401dc8) thrown at [./src/hotspot/share/interpreter/linkResolver.cpp, l
Event: 2.413 Thread 0x000002358beeb000 Exception <a 'java/lang/NoSuchMethodError'{0x00000000cc40fce0}: 'java.lang.Object java.lang.invoke.DirectMethodHandle$Holder.invokeSpecial(java.lang.Object, java.lang.Object, int, int, java.lang.Object, java.lang.Object, java.lang.Object)'> (0x00000000cc40fce0) thrown at [./src/hotspot/share/interpreter/linkResolver.cpp, line 773]
Event: 2.414 Thread 0x000002358beeb000 Exception <a 'java/lang/NoSuchMethodError'{0x00000000cc413518}: 'java.lang.Object java.lang.invoke.DelegatingMethodHandle$Holder.reinvoke_L(java.lang.Object, int, int, java.lang.Object, java.lang.Object, java.lang.Object)'> (0x00000000cc413518) thrown at [./src/hotspot/share/interpreter/linkResolver.cpp, line 773]
Event: 2.415 Thread 0x000002358beeb000 Exception <a 'java/lang/NoSuchMethodError'{0x00000000cc4178a0}: 'java.lang.Object java.lang.invoke.DirectMethodHandle$Holder.invokeStatic(java.lang.Object, java.lang.Object, java.lang.Object, java.lang.Object, int)'> (0x00000000cc4178a0) thrown at [./src/hotspot/share/interpreter/linkResolver.cpp, line 773]
Event: 2.510 Thread 0x000002358beeb000 Exception <a 'sun/nio/fs/WindowsException'{0x00000000cc357600}> (0x00000000cc357600) thrown at [./src/hotspot/share/prims/jni.cpp, line 615]
Event: 2.510 Thread 0x000002358beeb000 Exception <a 'sun/nio/fs/WindowsException'{0x00000000cc357e78}> (0x00000000cc357e78) thrown at [./src/hotspot/share/prims/jni.cpp, line 615]
Event: 2.510 Thread 0x000002358beeb000 Exception <a 'sun/nio/fs/WindowsException'{0x00000000cc358700}> (0x00000000cc358700) thrown at [./src/hotspot/share/prims/jni.cpp, line 615]
Event: 2.510 Thread 0x000002358beeb000 Exception <a 'sun/nio/fs/WindowsException'{0x00000000cc3590e8}> (0x00000000cc3590e8) thrown at [./src/hotspot/share/prims/jni.cpp, line 615]
Event: 2.510 Thread 0x000002358beeb000 Exception <a 'sun/nio/fs/WindowsException'{0x00000000cc3599d0}> (0x00000000cc3599d0) thrown at [./src/hotspot/share/prims/jni.cpp, line 615]
Event: 2.511 Thread 0x000002358beeb000 Exception <a 'sun/nio/fs/WindowsException'{0x00000000cc35a308}> (0x00000000cc35a308) thrown at [./src/hotspot/share/prims/jni.cpp, line 615]
Event: 2.518 Thread 0x000002358beeb000 Exception <a 'java/lang/NoSuchMethodError'{0x00000000cc360ac8}: 'void java.lang.invoke.DirectMethodHandle$Holder.invokeStatic(java.lang.Object, java.lang.Object, java.lang.Object, java.lang.Object)'> (0x00000000cc360ac8) thrown at [./src/hotspot/share/interpreter/linkResolver.cpp, line 773]
Event: 2.645 Thread 0x000002358beeb000 Exception <a 'java/lang/NoSuchMethodError'{0x00000000cd53c560}: 'void java.lang.invoke.DirectMethodHandle$Holder.invokeStaticInit(java.lang.Object, java.lang.Object)'> (0x00000000cd53c560) thrown at [./src/hotspot/share/interpreter/linkResolver.cpp, line 773]
Event: 2.954 Thread 0x000002358beeb000 Exception <a 'java/lang/NoSuchMethodError'{0x00000000cd0e85f8}: 'void java.lang.invoke.DirectMethodHandle$Holder.invokeVirtual(java.lang.Object, java.lang.Object)'> (0x00000000cd0e85f8) thrown at [./src/hotspot/share/interpreter/linkResolver.cpp, line 773]
Event: 2.970 Thread 0x000002358beeb000 Exception <a 'java/lang/NoSuchMethodError'{0x00000000ccf5a968}: 'int java.lang.invoke.DirectMethodHandle$Holder.invokeVirtual(java.lang.Object, java.lang.Object)'> (0x00000000ccf5a968) thrown at [./src/hotspot/share/interpreter/linkResolver.cpp, line 773]

Events (20 events):
Event: 3.759 loading class org/jetbrains/kotlin/descriptors/ClassOrPackageFragmentDescriptor
Event: 3.759 loading class org/jetbrains/kotlin/descriptors/ClassOrPackageFragmentDescriptor done
Event: 3.759 loading class org/jetbrains/kotlin/descriptors/impl/DeclarationDescriptorNonRootImpl
Event: 3.759 loading class org/jetbrains/kotlin/descriptors/impl/DeclarationDescriptorNonRootImpl done
Event: 3.760 loading class org/jetbrains/kotlin/descriptors/SourceElement
Event: 3.760 loading class org/jetbrains/kotlin/descriptors/SourceElement done
Event: 3.760 loading class org/jetbrains/kotlin/descriptors/SourceElement$1
Event: 3.760 loading class org/jetbrains/kotlin/descriptors/SourceElement$1 done
Event: 3.760 loading class org/jetbrains/kotlin/renderer/DescriptorRenderer
Event: 3.760 loading class org/jetbrains/kotlin/renderer/DescriptorRenderer done
Event: 3.761 loading class org/jetbrains/kotlin/renderer/DescriptorRenderer$Companion
Event: 3.761 loading class org/jetbrains/kotlin/renderer/DescriptorRenderer$Companion done
Event: 3.761 loading class org/jetbrains/kotlin/renderer/DescriptorRenderer$Companion$COMPACT_WITH_MODIFIERS$1
Event: 3.761 loading class org/jetbrains/kotlin/renderer/DescriptorRenderer$Companion$COMPACT_WITH_MODIFIERS$1 done
Event: 3.762 loading class org/jetbrains/kotlin/renderer/DescriptorRendererOptionsImpl
Event: 3.762 loading class org/jetbrains/kotlin/renderer/DescriptorRendererOptionsImpl done
Event: 3.763 loading class org/jetbrains/kotlin/renderer/DescriptorRendererOptions
Event: 3.763 loading class org/jetbrains/kotlin/renderer/DescriptorRendererOptions done
Event: 3.766 loading class org/jetbrains/kotlin/renderer/ClassifierNamePolicy$SOURCE_CODE_QUALIFIED
Event: 3.766 loading class org/jetbrains/kotlin/renderer/ClassifierNamePolicy$SOURCE_CODE_QUALIFIED done


Dynamic libraries:
0x00007ff7a61a0000 - 0x00007ff7a61aa000 	C:\Program Files\Android\Android Studio\jre\bin\java.exe
0x00007ffa93770000 - 0x00007ffa93965000 	C:\WINDOWS\SYSTEM32\ntdll.dll
0x00007ffa931e0000 - 0x00007ffa9329e000 	C:\WINDOWS\System32\KERNEL32.DLL
0x00007ffa91200000 - 0x00007ffa914c8000 	C:\WINDOWS\System32\KERNELBASE.dll
0x00007ffa915a0000 - 0x00007ffa916a0000 	C:\WINDOWS\System32\ucrtbase.dll
0x00007ffa819c0000 - 0x00007ffa819d7000 	C:\Program Files\Android\Android Studio\jre\bin\VCRUNTIME140.dll
0x00007ffa81a20000 - 0x00007ffa81a39000 	C:\Program Files\Android\Android Studio\jre\bin\jli.dll
0x00007ffa93450000 - 0x00007ffa935f0000 	C:\WINDOWS\System32\USER32.dll
0x00007ffa81d00000 - 0x00007ffa81f9a000 	C:\WINDOWS\WinSxS\amd64_microsoft.windows.common-controls_6595b64144ccf1df_6.0.19041.1110_none_60b5254171f9507e\COMCTL32.dll
0x00007ffa914d0000 - 0x00007ffa914f2000 	C:\WINDOWS\System32\win32u.dll
0x00007ffa921a0000 - 0x00007ffa9223e000 	C:\WINDOWS\System32\msvcrt.dll
0x00007ffa92240000 - 0x00007ffa9226a000 	C:\WINDOWS\System32\GDI32.dll
0x00007ffa90f00000 - 0x00007ffa9100b000 	C:\WINDOWS\System32\gdi32full.dll
0x00007ffa91500000 - 0x00007ffa9159d000 	C:\WINDOWS\System32\msvcp_win.dll
0x00007ffa929c0000 - 0x00007ffa929f0000 	C:\WINDOWS\System32\IMM32.DLL
0x00007ffa78e60000 - 0x00007ffa78efd000 	C:\Program Files\Android\Android Studio\jre\bin\msvcp140.dll
0x00007ffa1dad0000 - 0x00007ffa1e5a5000 	C:\Program Files\Android\Android Studio\jre\bin\server\jvm.dll
0x00007ffa935f0000 - 0x00007ffa9369e000 	C:\WINDOWS\System32\ADVAPI32.dll
0x00007ffa92a60000 - 0x00007ffa92afc000 	C:\WINDOWS\System32\sechost.dll
0x00007ffa92070000 - 0x00007ffa92195000 	C:\WINDOWS\System32\RPCRT4.dll
0x00007ffa91eb0000 - 0x00007ffa91eb8000 	C:\WINDOWS\System32\PSAPI.DLL
0x00007ffa88b80000 - 0x00007ffa88ba7000 	C:\WINDOWS\SYSTEM32\WINMM.dll
0x00007ffa88bb0000 - 0x00007ffa88bba000 	C:\WINDOWS\SYSTEM32\VERSION.dll
0x00007ffa79aa0000 - 0x00007ffa79aa9000 	C:\WINDOWS\SYSTEM32\WSOCK32.dll
0x00007ffa929f0000 - 0x00007ffa92a5b000 	C:\WINDOWS\System32\WS2_32.dll
0x00007ffa8ed80000 - 0x00007ffa8ed92000 	C:\WINDOWS\SYSTEM32\kernel.appcore.dll
0x00007ffa79300000 - 0x00007ffa79311000 	C:\Program Files\Android\Android Studio\jre\bin\verify.dll
0x00007ffa7df70000 - 0x00007ffa7e154000 	C:\WINDOWS\SYSTEM32\DBGHELP.DLL
0x00007ffa7da70000 - 0x00007ffa7da9c000 	C:\WINDOWS\SYSTEM32\dbgcore.DLL
0x00007ffa91170000 - 0x00007ffa911f2000 	C:\WINDOWS\System32\bcryptPrimitives.dll
0x00007ffa77c50000 - 0x00007ffa77c79000 	C:\Program Files\Android\Android Studio\jre\bin\java.dll
0x00007ffa797d0000 - 0x00007ffa797db000 	C:\Program Files\Android\Android Studio\jre\bin\jimage.dll
0x00007ffa77830000 - 0x00007ffa77848000 	C:\Program Files\Android\Android Studio\jre\bin\zip.dll
0x00007ffa92270000 - 0x00007ffa929b4000 	C:\WINDOWS\System32\SHELL32.dll
0x00007ffa8ef80000 - 0x00007ffa8f714000 	C:\WINDOWS\SYSTEM32\windows.storage.dll
0x00007ffa91960000 - 0x00007ffa91cb4000 	C:\WINDOWS\System32\combase.dll
0x00007ffa90800000 - 0x00007ffa9082c000 	C:\WINDOWS\SYSTEM32\Wldp.dll
0x00007ffa92f70000 - 0x00007ffa9301d000 	C:\WINDOWS\System32\SHCORE.dll
0x00007ffa91d70000 - 0x00007ffa91dc5000 	C:\WINDOWS\System32\shlwapi.dll
0x00007ffa90da0000 - 0x00007ffa90dbf000 	C:\WINDOWS\SYSTEM32\profapi.dll
0x00007ffa77810000 - 0x00007ffa7782a000 	C:\Program Files\Android\Android Studio\jre\bin\net.dll
0x00007ffa856a0000 - 0x00007ffa857aa000 	C:\WINDOWS\SYSTEM32\WINHTTP.dll
0x00007ffa90560000 - 0x00007ffa905ca000 	C:\WINDOWS\system32\mswsock.dll
0x00007ffa777b0000 - 0x00007ffa777c4000 	C:\Program Files\Android\Android Studio\jre\bin\nio.dll

dbghelp: loaded successfully - version: 4.0.5 - missing functions: none
symbol engine: initialized successfully - sym options: 0x614 - pdb path: .;C:\Program Files\Android\Android Studio\jre\bin;C:\WINDOWS\SYSTEM32;C:\WINDOWS\WinSxS\amd64_microsoft.windows.common-controls_6595b64144ccf1df_6.0.19041.1110_none_60b5254171f9507e;C:\Program Files\Android\Android Studio\jre\bin\server

VM Arguments:
java_command: org.jetbrains.kotlin.cli.jvm.K2JVMCompiler @C:\Users\User\AndroidStudioProjects\MyApplication2\app\build\20220510_10332394255018542141.compiler.options
java_class_path (initial): C:\Users\User\.gradle\caches\modules-2\files-2.1\org.jetbrains.kotlin\kotlin-compiler-embeddable\1.6.10\88f2073f4020cdb83132cfe940ceb9a60aba54ea\kotlin-compiler-embeddable-1.6.10.jar;C:\Users\User\.gradle\caches\modules-2\files-2.1\org.jetbrains.kotlin\kotlin-reflect\1.6.10\1cbe9c92c12a94eea200d23c2bbaedaf3daf5132\kotlin-reflect-1.6.10.jar;C:\Users\User\.gradle\caches\modules-2\files-2.1\org.jetbrains.kotlin\kotlin-stdlib\1.6.10\b8af3fe6f1ca88526914929add63cf5e7c5049af\kotlin-stdlib-1.6.10.jar;C:\Users\User\.gradle\caches\modules-2\files-2.1\org.jetbrains.kotlin\kotlin-script-runtime\1.6.10\d0a7ff2e2500ef497ed0214ae40ad3c8387a6164\kotlin-script-runtime-1.6.10.jar;C:\Users\User\.gradle\caches\modules-2\files-2.1\org.jetbrains.kotlin\kotlin-daemon-embeddable\1.6.10\a56d79bcbea411fa6058e4ecffc2de73e742bd2a\kotlin-daemon-embeddable-1.6.10.jar;C:\Users\User\.gradle\caches\modules-2\files-2.1\org.jetbrains.intellij.deps\trove4j\1.0.20181211\216c2e14b070f334479d800987affe4054cd563f\trove4j-1.0.20181211.jar;C:\Users\User\.gradle\caches\modules-2\files-2.1\net.java.dev.jna\jna\5.6.0\330f2244e9030119ab3030fc3fededc86713d9cc\jna-5.6.0.jar;C:\Users\User\.gradle\caches\modules-2\files-2.1\org.jetbrains\annotations\13.0\919f0dfe192fb4e063e7dacadee7f8bb9a2672a9\annotations-13.0.jar;C:\Users\User\.gradle\caches\modules-2\files-2.1\org.jetbrains.kotlin\kotlin-stdlib-common\1.6.10\c118700e3a33c8a0d9adc920e9dec0831171925\kotlin-stdlib-common-1.6.10.jar
Launcher Type: SUN_STANDARD

[Global flags]
     intx CICompilerCount                          = 3                                         {product} {ergonomic}
     uint ConcGCThreads                            = 1                                         {product} {ergonomic}
     uint G1ConcRefinementThreads                  = 4                                         {product} {ergonomic}
   size_t G1HeapRegionSize                         = 1048576                                   {product} {ergonomic}
    uintx GCDrainStackTargetSize                   = 64                                        {product} {ergonomic}
   size_t InitialHeapSize                          = 58720256                                  {product} {ergonomic}
   size_t MarkStackSize                            = 4194304                                   {product} {ergonomic}
   size_t MaxHeapSize                              = 908066816                                 {product} {ergonomic}
   size_t MaxNewSize                               = 544210944                                 {product} {ergonomic}
   size_t MinHeapDeltaBytes                        = 1048576                                   {product} {ergonomic}
    uintx NonNMethodCodeHeapSize                   = 5830732                                {pd product} {ergonomic}
    uintx NonProfiledCodeHeapSize                  = 122913754                              {pd product} {ergonomic}
    uintx ProfiledCodeHeapSize                     = 122913754                              {pd product} {ergonomic}
    uintx ReservedCodeCacheSize                    = 251658240                              {pd product} {ergonomic}
     bool SegmentedCodeCache                       = true                                      {product} {ergonomic}
     bool UseCompressedClassPointers               = true                                 {lp64_product} {ergonomic}
     bool UseCompressedOops                        = true                                 {lp64_product} {ergonomic}
     bool UseG1GC                                  = true                                      {product} {ergonomic}
     bool UseLargePagesIndividualAllocation        = false                                  {pd product} {ergonomic}

Logging:
Log output configuration:
 #0: stdout all=warning uptime,level,tags
 #1: stderr all=off uptime,level,tags

Environment Variables:
PATH=C:\Program Files\Common Files\Oracle\Java\javapath;C:\Program Files (x86)\Common Files\Oracle\Java\javapath;C:\WINDOWS\system32;C:\WINDOWS;C:\WINDOWS\System32\Wbem;C:\WINDOWS\System32\WindowsPowerShell\v1.0\;C:\WINDOWS\System32\OpenSSH\;C:\Program Files\dotnet\;C:\Program Files\Git\cmd;C:\Program Files\nodejs\;C:\Program Files\Microsoft SQL Server\130\Tools\Binn\;C:\Program Files\Microsoft SQL Server\Client SDK\ODBC\170\Tools\Binn\;C:\Program Files\kotlinc\bin;C:\Users\User\AppData\Local\Programs\Python\Python38-32\Scripts\;C:\Users\User\AppData\Local\Programs\Python\Python38-32\;C:\Users\User\AppData\Local\Programs\Microsoft VS Code\bin;C:\Users\User\.dotnet\tools;C:\Users\User\Desktop\mingw64tdm\mingw64tdm\bin;;C:\Users\User\AppData\Local\Microsoft\WindowsApps;C:\Program Files\JetBrains\DataGrip 2020.2.2\bin;;C:\Users\User\AppData\Roaming\npm;C:\Program Files\heroku\bin
USERNAME=User
OS=Windows_NT
PROCESSOR_IDENTIFIER=AMD64 Family 23 Model 24 Stepping 1, AuthenticAMD



---------------  S Y S T E M  ---------------

OS: Windows 10 , 64 bit Build 19041 (10.0.19041.1645)
OS uptime: 0 days 11:29 hours

CPU:total 4 (initial active 4) (4 cores per cpu, 2 threads per core) family 23 model 24 stepping 1 microcode 0x0, cmov, cx8, fxsr, mmx, sse, sse2, sse3, ssse3, sse4.1, sse4.2, popcnt, avx, avx2, aes, clmul, mmxext, 3dnowpref, lzcnt, sse4a, ht, tsc, tscinvbit, tscinv, bmi1, bmi2, adx, s

Memory: 4k page, system-wide physical 3460M (217M free)
TotalPageFile size 14212M (AvailPageFile size 6M)
current process WorkingSet (physical memory assigned to process): 178M, peak: 178M
current process commit charge ("private bytes"): 212M, peak: 213M

vm_info: OpenJDK 64-Bit Server VM (11.0.11+9-b60-7590822) for windows-amd64 JRE (11.0.11+9-b60-7590822), built on Jul 29 2021 21:43:44 by "builder" with MS VC++ 14.0 (VS2015)

END.
